<?xml version="1.0" encoding="UTF-8"?>
<testsuite name="Validar el correcto ingreso a la tienda new experience" tests="1" skipped="0" failures="0" errors="0" timestamp="2022-02-03T21:34:57" hostname="DESKTOP-ID468RF" time="21.387">
  <properties/>
  <testcase name="Verificar la vista interna de la tienda" classname="Validar el correcto ingreso a la tienda new experience" time="21.387"/>
  <system-out><![CDATA[]]></system-out>
  <system-err><![CDATA[feb 03, 2022 4:34:58 PM org.openqa.selenium.remote.DesiredCapabilities chrome
INFORMACIÓN: Using `new ChromeOptions()` is preferred to `DesiredCapabilities.chrome()`
Starting ChromeDriver 97.0.4692.71 (adefa7837d02a07a604c1e6eff0b3a09422ab88d-refs/branch-heads/4692@{#1247}) on port 37040
Only local connections are allowed.
Please see https://chromedriver.chromium.org/security-considerations for suggestions on keeping ChromeDriver safe.
ChromeDriver was started successfully.
feb 03, 2022 4:35:01 PM org.openqa.selenium.remote.ProtocolHandshake createSession
INFORMACIÓN: Detected dialect: W3C
[Test worker] INFO net.serenitybdd.core.Serenity - 
        __    _____ _____ ____ _____   ____   _    ____  ____  _____ ____  
  _     \ \  |_   _| ____/ ___|_   _| |  _ \ / \  / ___|/ ___|| ____|  _ \ 
 (_)_____| |   | | |  _| \___ \ | |   | |_) / _ \ \___ \\___ \|  _| | | | |
  _|_____| |   | | | |___ ___) || |   |  __/ ___ \ ___) |___) | |___| |_| |
 (_)     | |   |_| |_____|____/ |_|   |_| /_/   \_\____/|____/|_____|____/ 
        /_/                                                                

TEST PASSED: Verificar la vista interna de la tienda
----------------------------------------------------------------------------
]]></system-err>
</testsuite>
